app/build/intermediates/manifest_merge_blame_file/debug/manifest-merger-blame-debug-report.txt
1<?xml version="1.0" encoding="utf-8"?>
2<manifest xmlns:android="http://schemas.android.com/apk/res/android"
3    package="com.crumlabs.crummybanking"
4    android:versionCode="1"
5    android:versionName="1.0" >
6
7    <uses-sdk
8        android:minSdkVersion="23"
8-->src/main/AndroidManifest.xml
9        android:targetSdkVersion="30" />
9-->src/main/AndroidManifest.xml
10
11    <uses-permission android:name="android.permission.INTERNET" />
11-->src/main/AndroidManifest.xml:5:5-67
11-->src/main/AndroidManifest.xml:5:22-64
12    <uses-permission android:name="android.permission.CALL_PHONE" />
12-->src/main/AndroidManifest.xml:6:5-69
12-->src/main/AndroidManifest.xml:6:22-66
13
14    <!-- Although the *SdkVersion is captured in gradle build files, this is required for non gradle builds -->
15    <!-- <uses-sdk android:minSdkVersion="14"/> -->
16    <uses-permission android:name="android.permission.ACCESS_NETWORK_STATE" />
16-->[com.google.firebase:firebase-database:20.0.0] AndroidManifest.xml:25:5-79
16-->[com.google.firebase:firebase-database:20.0.0] AndroidManifest.xml:25:22-76
17
18    <application
18-->src/main/AndroidManifest.xml:8:5-27:19
19        android:allowBackup="true"
19-->src/main/AndroidManifest.xml:9:9-35
20        android:appComponentFactory="androidx.core.app.CoreComponentFactory"
20-->[androidx.core:core:1.5.0] AndroidManifest.xml:24:18-86
21        android:debuggable="true"
22        android:extractNativeLibs="false"
23        android:icon="@mipmap/ic_launcher"
23-->src/main/AndroidManifest.xml:10:9-43
24        android:label="@string/app_name"
24-->src/main/AndroidManifest.xml:11:9-41
25        android:roundIcon="@mipmap/ic_launcher"
25-->src/main/AndroidManifest.xml:12:9-48
26        android:supportsRtl="true"
26-->src/main/AndroidManifest.xml:13:9-35
27        android:theme="@style/Theme.CrummyBanking" >
27-->src/main/AndroidManifest.xml:14:9-51
28        <activity android:name="com.crumlabs.crummybanking.Transfer" />
28-->src/main/AndroidManifest.xml:15:9-55
28-->src/main/AndroidManifest.xml:15:19-43
29        <activity android:name="com.crumlabs.crummybanking.Splash" >
29-->src/main/AndroidManifest.xml:16:9-22:20
29-->src/main/AndroidManifest.xml:16:19-41
30            <intent-filter>
30-->src/main/AndroidManifest.xml:17:13-21:29
31                <action android:name="android.intent.action.MAIN" />
31-->src/main/AndroidManifest.xml:18:17-69
31-->src/main/AndroidManifest.xml:18:25-66
32
33                <category android:name="android.intent.category.LAUNCHER" />
33-->src/main/AndroidManifest.xml:20:17-77
33-->src/main/AndroidManifest.xml:20:27-74
34            </intent-filter>
35        </activity>
36        <activity android:name="com.crumlabs.crummybanking.Airtime" />
36-->src/main/AndroidManifest.xml:23:9-45
36-->src/main/AndroidManifest.xml:23:19-42
37        <activity android:name="com.crumlabs.crummybanking.Home" />
37-->src/main/AndroidManifest.xml:24:9-42
37-->src/main/AndroidManifest.xml:24:19-39
38        <activity android:name="com.crumlabs.crummybanking.Register" />
38-->src/main/AndroidManifest.xml:25:9-46
38-->src/main/AndroidManifest.xml:25:19-43
39        <activity android:name="com.crumlabs.crummybanking.MainActivity" />
39-->src/main/AndroidManifest.xml:26:9-50
39-->src/main/AndroidManifest.xml:26:19-47
40        <activity
40-->[com.google.android.gms:play-services-auth:19.0.0] AndroidManifest.xml:23:9-27:75
41            android:name="com.google.android.gms.auth.api.signin.internal.SignInHubActivity"
41-->[com.google.android.gms:play-services-auth:19.0.0] AndroidManifest.xml:24:13-93
42            android:excludeFromRecents="true"
42-->[com.google.android.gms:play-services-auth:19.0.0] AndroidManifest.xml:25:13-46
43            android:exported="false"
43-->[com.google.android.gms:play-services-auth:19.0.0] AndroidManifest.xml:26:13-37
44            android:theme="@android:style/Theme.Translucent.NoTitleBar" />
44-->[com.google.android.gms:play-services-auth:19.0.0] AndroidManifest.xml:27:13-72
45        <!--
46            Service handling Google Sign-In user revocation. For apps that do not integrate with
47            Google Sign-In, this service will never be started.
48        -->
49        <service
49-->[com.google.android.gms:play-services-auth:19.0.0] AndroidManifest.xml:33:9-37:51
50            android:name="com.google.android.gms.auth.api.signin.RevocationBoundService"
50-->[com.google.android.gms:play-services-auth:19.0.0] AndroidManifest.xml:34:13-89
51            android:exported="true"
51-->[com.google.android.gms:play-services-auth:19.0.0] AndroidManifest.xml:35:13-36
52            android:permission="com.google.android.gms.auth.api.signin.permission.REVOCATION_NOTIFICATION"
52-->[com.google.android.gms:play-services-auth:19.0.0] AndroidManifest.xml:36:13-107
53            android:visibleToInstantApps="true" />
53-->[com.google.android.gms:play-services-auth:19.0.0] AndroidManifest.xml:37:13-48
54        <service
54-->[com.google.firebase:firebase-database:20.0.0] AndroidManifest.xml:29:9-35:19
55            android:name="com.google.firebase.components.ComponentDiscoveryService"
55-->[com.google.firebase:firebase-database:20.0.0] AndroidManifest.xml:30:13-84
56            android:directBootAware="true"
56-->[com.google.firebase:firebase-common:20.0.0] AndroidManifest.xml:35:13-43
57            android:exported="false" >
57-->[com.google.firebase:firebase-database:20.0.0] AndroidManifest.xml:31:13-37
58            <meta-data
58-->[com.google.firebase:firebase-database:20.0.0] AndroidManifest.xml:32:13-34:85
59                android:name="com.google.firebase.components:com.google.firebase.database.DatabaseRegistrar"
59-->[com.google.firebase:firebase-database:20.0.0] AndroidManifest.xml:33:17-109
60                android:value="com.google.firebase.components.ComponentRegistrar" />
60-->[com.google.firebase:firebase-database:20.0.0] AndroidManifest.xml:34:17-82
61            <meta-data
61-->[com.google.firebase:firebase-auth:21.0.1] AndroidManifest.xml:77:13-79:85
62                android:name="com.google.firebase.components:com.google.firebase.auth.FirebaseAuthRegistrar"
62-->[com.google.firebase:firebase-auth:21.0.1] AndroidManifest.xml:78:17-109
63                android:value="com.google.firebase.components.ComponentRegistrar" />
63-->[com.google.firebase:firebase-auth:21.0.1] AndroidManifest.xml:79:17-82
64        </service>
65
66        <activity
66-->[com.google.firebase:firebase-auth:21.0.1] AndroidManifest.xml:27:9-44:20
67            android:name="com.google.firebase.auth.internal.GenericIdpActivity"
67-->[com.google.firebase:firebase-auth:21.0.1] AndroidManifest.xml:28:13-80
68            android:excludeFromRecents="true"
68-->[com.google.firebase:firebase-auth:21.0.1] AndroidManifest.xml:29:13-46
69            android:exported="true"
69-->[com.google.firebase:firebase-auth:21.0.1] AndroidManifest.xml:30:13-36
70            android:launchMode="singleTask"
70-->[com.google.firebase:firebase-auth:21.0.1] AndroidManifest.xml:31:13-44
71            android:theme="@android:style/Theme.Translucent.NoTitleBar" >
71-->[com.google.firebase:firebase-auth:21.0.1] AndroidManifest.xml:32:13-72
72            <intent-filter>
72-->[com.google.firebase:firebase-auth:21.0.1] AndroidManifest.xml:33:13-43:29
73                <action android:name="android.intent.action.VIEW" />
73-->[com.google.firebase:firebase-auth:21.0.1] AndroidManifest.xml:34:17-69
73-->[com.google.firebase:firebase-auth:21.0.1] AndroidManifest.xml:34:25-66
74
75                <category android:name="android.intent.category.DEFAULT" />
75-->[com.google.firebase:firebase-auth:21.0.1] AndroidManifest.xml:36:17-76
75-->[com.google.firebase:firebase-auth:21.0.1] AndroidManifest.xml:36:27-73
76                <category android:name="android.intent.category.BROWSABLE" />
76-->[com.google.firebase:firebase-auth:21.0.1] AndroidManifest.xml:37:17-78
76-->[com.google.firebase:firebase-auth:21.0.1] AndroidManifest.xml:37:27-75
77
78                <data
78-->[com.google.firebase:firebase-auth:21.0.1] AndroidManifest.xml:39:17-42:51
79                    android:host="firebase.auth"
79-->[com.google.firebase:firebase-auth:21.0.1] AndroidManifest.xml:40:21-49
80                    android:path="/"
80-->[com.google.firebase:firebase-auth:21.0.1] AndroidManifest.xml:41:21-37
81                    android:scheme="genericidp" />
81-->[com.google.firebase:firebase-auth:21.0.1] AndroidManifest.xml:42:21-48
82            </intent-filter>
83        </activity>
84        <activity
84-->[com.google.firebase:firebase-auth:21.0.1] AndroidManifest.xml:45:9-62:20
85            android:name="com.google.firebase.auth.internal.RecaptchaActivity"
85-->[com.google.firebase:firebase-auth:21.0.1] AndroidManifest.xml:46:13-79
86            android:excludeFromRecents="true"
86-->[com.google.firebase:firebase-auth:21.0.1] AndroidManifest.xml:47:13-46
87            android:exported="true"
87-->[com.google.firebase:firebase-auth:21.0.1] AndroidManifest.xml:48:13-36
88            android:launchMode="singleTask"
88-->[com.google.firebase:firebase-auth:21.0.1] AndroidManifest.xml:49:13-44
89            android:theme="@android:style/Theme.Translucent.NoTitleBar" >
89-->[com.google.firebase:firebase-auth:21.0.1] AndroidManifest.xml:50:13-72
90            <intent-filter>
90-->[com.google.firebase:firebase-auth:21.0.1] AndroidManifest.xml:51:13-61:29
91                <action android:name="android.intent.action.VIEW" />
91-->[com.google.firebase:firebase-auth:21.0.1] AndroidManifest.xml:34:17-69
91-->[com.google.firebase:firebase-auth:21.0.1] AndroidManifest.xml:34:25-66
92
93                <category android:name="android.intent.category.DEFAULT" />
93-->[com.google.firebase:firebase-auth:21.0.1] AndroidManifest.xml:36:17-76
93-->[com.google.firebase:firebase-auth:21.0.1] AndroidManifest.xml:36:27-73
94                <category android:name="android.intent.category.BROWSABLE" />
94-->[com.google.firebase:firebase-auth:21.0.1] AndroidManifest.xml:37:17-78
94-->[com.google.firebase:firebase-auth:21.0.1] AndroidManifest.xml:37:27-75
95
96                <data
96-->[com.google.firebase:firebase-auth:21.0.1] AndroidManifest.xml:39:17-42:51
97                    android:host="firebase.auth"
97-->[com.google.firebase:firebase-auth:21.0.1] AndroidManifest.xml:40:21-49
98                    android:path="/"
98-->[com.google.firebase:firebase-auth:21.0.1] AndroidManifest.xml:41:21-37
99                    android:scheme="recaptcha" />
99-->[com.google.firebase:firebase-auth:21.0.1] AndroidManifest.xml:42:21-48
100            </intent-filter>
101        </activity>
102
103        <service
103-->[com.google.firebase:firebase-auth:21.0.1] AndroidManifest.xml:64:9-73:19
104            android:name="com.google.firebase.auth.api.fallback.service.FirebaseAuthFallbackService"
104-->[com.google.firebase:firebase-auth:21.0.1] AndroidManifest.xml:65:13-101
105            android:enabled="true"
105-->[com.google.firebase:firebase-auth:21.0.1] AndroidManifest.xml:66:13-35
106            android:exported="false" >
106-->[com.google.firebase:firebase-auth:21.0.1] AndroidManifest.xml:67:13-37
107            <intent-filter>
107-->[com.google.firebase:firebase-auth:21.0.1] AndroidManifest.xml:68:13-72:29
108                <action android:name="com.google.firebase.auth.api.gms.service.START" />
108-->[com.google.firebase:firebase-auth:21.0.1] AndroidManifest.xml:69:17-89
108-->[com.google.firebase:firebase-auth:21.0.1] AndroidManifest.xml:69:25-86
109
110                <category android:name="android.intent.category.DEFAULT" />
110-->[com.google.firebase:firebase-auth:21.0.1] AndroidManifest.xml:36:17-76
110-->[com.google.firebase:firebase-auth:21.0.1] AndroidManifest.xml:36:27-73
111            </intent-filter>
112        </service>
113
114        <activity
114-->[com.google.android.gms:play-services-base:17.1.0] AndroidManifest.xml:23:9-26:75
115            android:name="com.google.android.gms.common.api.GoogleApiActivity"
115-->[com.google.android.gms:play-services-base:17.1.0] AndroidManifest.xml:24:13-79
116            android:exported="false"
116-->[com.google.android.gms:play-services-base:17.1.0] AndroidManifest.xml:25:13-37
117            android:theme="@android:style/Theme.Translucent.NoTitleBar" />
117-->[com.google.android.gms:play-services-base:17.1.0] AndroidManifest.xml:26:13-72
118
119        <provider
119-->[com.google.firebase:firebase-common:20.0.0] AndroidManifest.xml:26:9-31:39
120            android:name="com.google.firebase.provider.FirebaseInitProvider"
120-->[com.google.firebase:firebase-common:20.0.0] AndroidManifest.xml:27:13-77
121            android:authorities="com.crumlabs.crummybanking.firebaseinitprovider"
121-->[com.google.firebase:firebase-common:20.0.0] AndroidManifest.xml:28:13-72
122            android:directBootAware="true"
122-->[com.google.firebase:firebase-common:20.0.0] AndroidManifest.xml:29:13-43
123            android:exported="false"
123-->[com.google.firebase:firebase-common:20.0.0] AndroidManifest.xml:30:13-37
124            android:initOrder="100" />
124-->[com.google.firebase:firebase-common:20.0.0] AndroidManifest.xml:31:13-36
125
126        <meta-data
126-->[com.google.android.gms:play-services-basement:17.1.1] AndroidManifest.xml:23:9-25:69
127            android:name="com.google.android.gms.version"
127-->[com.google.android.gms:play-services-basement:17.1.1] AndroidManifest.xml:24:13-58
128            android:value="@integer/google_play_services_version" />
128-->[com.google.android.gms:play-services-basement:17.1.1] AndroidManifest.xml:25:13-66
129    </application>
130
131</manifest>